<?xml version="1.0" encoding="UTF-8"?>
<testsuite name="net.its26.MerkleSignatureTest" tests="1" skipped="0" failures="0" errors="0" timestamp="2025-04-27T05:32:31.952Z" hostname="StudiNotebook" time="0.002">
  <properties/>
  <testcase name="testSomething()" classname="net.its26.MerkleSignatureTest" time="0.002"/>
  <system-out><![CDATA[]]></system-out>
  <system-err><![CDATA[]]></system-err>
</testsuite>
